<?xml version="1.0" encoding="UTF-8"?>
<!-- Generated by org.testng.reporters.JUnitReportReporter -->
<testsuite hostname="DESKTOP-SH3BACH" failures="0" tests="4" name="DBTest" time="0.081" errors="0" timestamp="2024-06-29T15:52:41 EET" skipped="0">
  <testcase classname="DBTest" name="addDat" time="0.024"/>
  <system-out/>
  <testcase classname="DBTest" name="updateDat" time="0.007"/>
  <system-out/>
  <testcase classname="DBTest" name="getDat" time="0.045"/>
  <system-out/>
  <testcase classname="DBTest" name="deleteDat" time="0.005"/>
  <system-out/>
</testsuite> <!-- DBTest -->
