<?xml version="1.0" encoding="UTF-8"?>
<!-- Generated by org.testng.reporters.JUnitReportReporter -->
<testsuite hostname="DESKTOP-SH3BACH" failures="0" tests="4" name="CustomersDbTest" time="0.046" errors="0" timestamp="2024-07-01T16:51:32 EET" skipped="0">
  <testcase classname="CustomersDbTest" name="addDate" time="0.016"/>
  <system-out/>
  <testcase classname="CustomersDbTest" name="updateDate" time="0.005"/>
  <system-out/>
  <testcase classname="CustomersDbTest" name="getDate" time="0.022"/>
  <system-out/>
  <testcase classname="CustomersDbTest" name="deleteDate" time="0.003"/>
  <system-out/>
</testsuite> <!-- CustomersDbTest -->
